Release 14.1 - xst P.15xf (nt64)
Copyright (c) 1995-2012 Xilinx, Inc.  All rights reserved.
--> Parameter TMPDIR set to xst/projnav.tmp


Total REAL time to Xst completion: 1.00 secs
Total CPU time to Xst completion: 0.70 secs
 
--> Parameter xsthdpdir set to xst


Total REAL time to Xst completion: 1.00 secs
Total CPU time to Xst completion: 0.70 secs
 
--> Reading design: aufgabe1.prj

TABLE OF CONTENTS
  1) Synthesis Options Summary
  2) HDL Compilation
  3) Design Hierarchy Analysis
  4) HDL Analysis
  5) HDL Synthesis
     5.1) HDL Synthesis Report
  6) Advanced HDL Synthesis
     6.1) Advanced HDL Synthesis Report
  7) Low Level Synthesis
  8) Partition Report
  9) Final Report
	9.1) Device utilization summary
	9.2) Partition Resource Summary
	9.3) TIMING REPORT


=========================================================================
*                      Synthesis Options Summary                        *
=========================================================================
---- Source Parameters
Input File Name                    : "aufgabe1.prj"
Input Format                       : mixed
Ignore Synthesis Constraint File   : NO

---- Target Parameters
Output File Name                   : "aufgabe1"
Output Format                      : NGC
Target Device                      : xc3s200-5-ft256

---- Source Options
Top Module Name                    : aufgabe1
Automatic FSM Extraction           : YES
FSM Encoding Algorithm             : Auto
Safe Implementation                : No
FSM Style                          : LUT
RAM Extraction                     : Yes
RAM Style                          : Auto
ROM Extraction                     : Yes
Mux Style                          : Auto
Decoder Extraction                 : YES
Priority Encoder Extraction        : Yes
Shift Register Extraction          : YES
Logical Shifter Extraction         : YES
XOR Collapsing                     : YES
ROM Style                          : Auto
Mux Extraction                     : Yes
Resource Sharing                   : YES
Asynchronous To Synchronous        : NO
Multiplier Style                   : Auto
Automatic Register Balancing       : No

---- Target Options
Add IO Buffers                     : YES
Global Maximum Fanout              : 500
Add Generic Clock Buffer(BUFG)     : 8
Register Duplication               : YES
Slice Packing                      : YES
Optimize Instantiated Primitives   : NO
Use Clock Enable                   : Yes
Use Synchronous Set                : Yes
Use Synchronous Reset              : Yes
Pack IO Registers into IOBs        : Auto
Equivalent register Removal        : YES

---- General Options
Optimization Goal                  : Speed
Optimization Effort                : 1
Keep Hierarchy                     : No
Netlist Hierarchy                  : As_Optimized
RTL Output                         : Yes
Global Optimization                : AllClockNets
Read Cores                         : YES
Write Timing Constraints           : NO
Cross Clock Analysis               : NO
Hierarchy Separator                : /
Bus Delimiter                      : <>
Case Specifier                     : Maintain
Slice Utilization Ratio            : 100
BRAM Utilization Ratio             : 100
Verilog 2001                       : YES
Auto BRAM Packing                  : NO
Slice Utilization Ratio Delta      : 5

=========================================================================


=========================================================================
*                          HDL Compilation                              *
=========================================================================
Compiling vhdl file "C:/Users/edc09/Documents/git/KDS/Aufgabe1/hex4x7seg.vhd" in Library work.
Entity <hex4x7seg> compiled.
Entity <hex4x7seg> (Architecture <arch>) compiled.
Compiling vhdl file "C:/Users/edc09/Documents/git/KDS/Aufgabe1/aufgabe1.vhd" in Library work.
Entity <aufgabe1> compiled.
Entity <aufgabe1> (Architecture <struktur>) compiled.

=========================================================================
*                     Design Hierarchy Analysis                         *
=========================================================================
Analyzing hierarchy for entity <aufgabe1> in library <work> (architecture <struktur>).

Analyzing hierarchy for entity <hex4x7seg> in library <work> (architecture <arch>) with generics.
	RSTDEF = '1'


=========================================================================
*                            HDL Analysis                               *
=========================================================================
Analyzing Entity <aufgabe1> in library <work> (Architecture <struktur>).
Entity <aufgabe1> analyzed. Unit <aufgabe1> generated.

Analyzing generic Entity <hex4x7seg> in library <work> (Architecture <arch>).
	RSTDEF = '1'
Entity <hex4x7seg> analyzed. Unit <hex4x7seg> generated.


=========================================================================
*                           HDL Synthesis                               *
=========================================================================

Performing bidirectional port resolution...

Synthesizing Unit <hex4x7seg>.
    Related source file is "C:/Users/edc09/Documents/git/KDS/Aufgabe1/hex4x7seg.vhd".
WARNING:Xst:647 - Input <en> is never used. This port will be preserved and left unconnected if it belongs to a top-level block or it belongs to a sub-block and the hierarchy of this sub-block is preserved.
WARNING:Xst:647 - Input <swrst> is never used. This port will be preserved and left unconnected if it belongs to a top-level block or it belongs to a sub-block and the hierarchy of this sub-block is preserved.
WARNING:Xst:647 - Input <data<15:8>> is never used. This port will be preserved and left unconnected if it belongs to a top-level block or it belongs to a sub-block and the hierarchy of this sub-block is preserved.
    Found 16x7-bit ROM for signal <seg>.
    Found 15-bit adder for signal <m2_14_r_next$addsub0000> created at line 53.
    Found 15-bit register for signal <m2_14_r_reg>.
    Found 2-bit adder for signal <m4_r_next$addsub0000> created at line 68.
    Found 2-bit register for signal <m4_r_reg>.
    Summary:
	inferred   1 ROM(s).
	inferred  17 D-type flip-flop(s).
	inferred   2 Adder/Subtractor(s).
Unit <hex4x7seg> synthesized.


Synthesizing Unit <aufgabe1>.
    Related source file is "C:/Users/edc09/Documents/git/KDS/Aufgabe1/aufgabe1.vhd".
Unit <aufgabe1> synthesized.


=========================================================================
HDL Synthesis Report

Macro Statistics
# ROMs                                                 : 1
 16x7-bit ROM                                          : 1
# Adders/Subtractors                                   : 2
 15-bit adder                                          : 1
 2-bit adder                                           : 1
# Registers                                            : 2
 15-bit register                                       : 1
 2-bit register                                        : 1

=========================================================================

=========================================================================
*                       Advanced HDL Synthesis                          *
=========================================================================


=========================================================================
Advanced HDL Synthesis Report

Macro Statistics
# ROMs                                                 : 1
 16x7-bit ROM                                          : 1
# Adders/Subtractors                                   : 2
 15-bit adder                                          : 1
 2-bit adder                                           : 1
# Registers                                            : 17
 Flip-Flops                                            : 17

=========================================================================

=========================================================================
*                         Low Level Synthesis                           *
=========================================================================

Optimizing unit <aufgabe1> ...

Optimizing unit <hex4x7seg> ...

Mapping all equations...
Building and optimizing final netlist ...
Found area constraint ratio of 100 (+ 5) on block aufgabe1, actual ratio is 1.

Final Macro Processing ...

=========================================================================
Final Register Report

Macro Statistics
# Registers                                            : 17
 Flip-Flops                                            : 17

=========================================================================

=========================================================================
*                           Partition Report                            *
=========================================================================

Partition Implementation Status
-------------------------------

  No Partitions were found in this design.

-------------------------------

=========================================================================
*                            Final Report                               *
=========================================================================
Final Results
RTL Top Level Output File Name     : aufgabe1.ngr
Top Level Output File Name         : aufgabe1
Output Format                      : NGC
Optimization Goal                  : Speed
Keep Hierarchy                     : No

Design Statistics
# IOs                              : 24

Cell Usage :
# BELS                             : 84
#      GND                         : 1
#      INV                         : 2
#      LUT1                        : 14
#      LUT2                        : 16
#      LUT3                        : 9
#      LUT3_L                      : 1
#      LUT4                        : 11
#      MUXCY                       : 14
#      VCC                         : 1
#      XORCY                       : 15
# FlipFlops/Latches                : 17
#      FDC                         : 17
# Clock Buffers                    : 1
#      BUFGP                       : 1
# IO Buffers                       : 23
#      IBUF                        : 11
#      OBUF                        : 12
=========================================================================

Device utilization summary:
---------------------------

Selected Device : 3s200ft256-5 

 Number of Slices:                       29  out of   1920     1%  
 Number of Slice Flip Flops:             17  out of   3840     0%  
 Number of 4 input LUTs:                 53  out of   3840     1%  
 Number of IOs:                          24
 Number of bonded IOBs:                  24  out of    173    13%  
 Number of GCLKs:                         1  out of      8    12%  

---------------------------
Partition Resource Summary:
---------------------------

  No Partitions were found in this design.

---------------------------


=========================================================================
TIMING REPORT

NOTE: THESE TIMING NUMBERS ARE ONLY A SYNTHESIS ESTIMATE.
      FOR ACCURATE TIMING INFORMATION PLEASE REFER TO THE TRACE REPORT
      GENERATED AFTER PLACE-and-ROUTE.

Clock Information:
------------------
-----------------------------------------+------------------------+-------+
Clock Signal                             | Clock buffer(FF name)  | Load  |
-----------------------------------------+------------------------+-------+
clk                                      | BUFGP                  | 15    |
u1/clock_out(u1/clock_out_cmp_eq000037:O)| NONE(*)(u1/m4_r_reg_1) | 2     |
-----------------------------------------+------------------------+-------+
(*) This 1 clock signal(s) are generated by combinatorial logic,
and XST is not able to identify which are the primary clock signals.
Please use the CLOCK_SIGNAL constraint to specify the clock signal(s) generated by combinatorial logic.
INFO:Xst:2169 - HDL ADVISOR - Some clock signals were not automatically buffered by XST with BUFG/BUFR resources. Please use the buffer_type constraint in order to insert these buffers to the clock signals to help prevent skew problems.

Asynchronous Control Signals Information:
----------------------------------------
-----------------------------------+------------------------+-------+
Control Signal                     | Buffer(FF name)        | Load  |
-----------------------------------+------------------------+-------+
rst                                | IBUF                   | 17    |
-----------------------------------+------------------------+-------+

Timing Summary:
---------------
Speed Grade: -5

   Minimum period: 5.608ns (Maximum Frequency: 178.323MHz)
   Minimum input arrival time before clock: No path found
   Maximum output required time after clock: 9.634ns
   Maximum combinational path delay: 9.315ns

Timing Detail:
--------------
All values displayed in nanoseconds (ns)

=========================================================================
Timing constraint: Default period analysis for Clock 'clk'
  Clock period: 5.608ns (frequency: 178.323MHz)
  Total number of paths / destination ports: 345 / 15
-------------------------------------------------------------------------
Delay:               5.608ns (Levels of Logic = 15)
  Source:            u1/m2_14_r_reg_1 (FF)
  Destination:       u1/m2_14_r_reg_13 (FF)
  Source Clock:      clk rising
  Destination Clock: clk rising

  Data Path: u1/m2_14_r_reg_1 to u1/m2_14_r_reg_13
                                Gate     Net
    Cell:in->out      fanout   Delay   Delay  Logical Name (Net Name)
    ----------------------------------------  ------------
     FDC:C->Q              2   0.626   1.040  u1/m2_14_r_reg_1 (u1/m2_14_r_reg_1)
     LUT1:I0->O            1   0.479   0.000  u1/Madd_m2_14_r_next_addsub0000_cy<1>_rt (u1/Madd_m2_14_r_next_addsub0000_cy<1>_rt)
     MUXCY:S->O            1   0.435   0.000  u1/Madd_m2_14_r_next_addsub0000_cy<1> (u1/Madd_m2_14_r_next_addsub0000_cy<1>)
     MUXCY:CI->O           1   0.056   0.000  u1/Madd_m2_14_r_next_addsub0000_cy<2> (u1/Madd_m2_14_r_next_addsub0000_cy<2>)
     MUXCY:CI->O           1   0.056   0.000  u1/Madd_m2_14_r_next_addsub0000_cy<3> (u1/Madd_m2_14_r_next_addsub0000_cy<3>)
     MUXCY:CI->O           1   0.056   0.000  u1/Madd_m2_14_r_next_addsub0000_cy<4> (u1/Madd_m2_14_r_next_addsub0000_cy<4>)
     MUXCY:CI->O           1   0.056   0.000  u1/Madd_m2_14_r_next_addsub0000_cy<5> (u1/Madd_m2_14_r_next_addsub0000_cy<5>)
     MUXCY:CI->O           1   0.056   0.000  u1/Madd_m2_14_r_next_addsub0000_cy<6> (u1/Madd_m2_14_r_next_addsub0000_cy<6>)
     MUXCY:CI->O           1   0.056   0.000  u1/Madd_m2_14_r_next_addsub0000_cy<7> (u1/Madd_m2_14_r_next_addsub0000_cy<7>)
     MUXCY:CI->O           1   0.056   0.000  u1/Madd_m2_14_r_next_addsub0000_cy<8> (u1/Madd_m2_14_r_next_addsub0000_cy<8>)
     MUXCY:CI->O           1   0.056   0.000  u1/Madd_m2_14_r_next_addsub0000_cy<9> (u1/Madd_m2_14_r_next_addsub0000_cy<9>)
     MUXCY:CI->O           1   0.056   0.000  u1/Madd_m2_14_r_next_addsub0000_cy<10> (u1/Madd_m2_14_r_next_addsub0000_cy<10>)
     MUXCY:CI->O           1   0.056   0.000  u1/Madd_m2_14_r_next_addsub0000_cy<11> (u1/Madd_m2_14_r_next_addsub0000_cy<11>)
     MUXCY:CI->O           1   0.056   0.000  u1/Madd_m2_14_r_next_addsub0000_cy<12> (u1/Madd_m2_14_r_next_addsub0000_cy<12>)
     XORCY:CI->O           1   0.786   0.976  u1/Madd_m2_14_r_next_addsub0000_xor<13> (u1/m2_14_r_next_addsub0000<13>)
     LUT2:I0->O            1   0.479   0.000  u1/m2_14_r_next<13>1 (u1/m2_14_r_next<13>)
     FDC:D                     0.176          u1/m2_14_r_reg_13
    ----------------------------------------
    Total                      5.608ns (3.592ns logic, 2.016ns route)
                                       (64.0% logic, 36.0% route)

=========================================================================
Timing constraint: Default period analysis for Clock 'u1/clock_out'
  Clock period: 2.926ns (frequency: 341.793MHz)
  Total number of paths / destination ports: 3 / 2
-------------------------------------------------------------------------
Delay:               2.926ns (Levels of Logic = 1)
  Source:            u1/m4_r_reg_0 (FF)
  Destination:       u1/m4_r_reg_0 (FF)
  Source Clock:      u1/clock_out rising
  Destination Clock: u1/clock_out rising

  Data Path: u1/m4_r_reg_0 to u1/m4_r_reg_0
                                Gate     Net
    Cell:in->out      fanout   Delay   Delay  Logical Name (Net Name)
    ----------------------------------------  ------------
     FDC:C->Q             10   0.626   0.964  u1/m4_r_reg_0 (u1/m4_r_reg_0)
     INV:I->O              1   0.479   0.681  u1/m4_r_next<0>1_INV_0 (u1/m4_r_next<0>)
     FDC:D                     0.176          u1/m4_r_reg_0
    ----------------------------------------
    Total                      2.926ns (1.281ns logic, 1.645ns route)
                                       (43.8% logic, 56.2% route)

=========================================================================
Timing constraint: Default OFFSET OUT AFTER for Clock 'u1/clock_out'
  Total number of paths / destination ports: 37 / 12
-------------------------------------------------------------------------
Offset:              9.634ns (Levels of Logic = 3)
  Source:            u1/m4_r_reg_0 (FF)
  Destination:       seg<7> (PAD)
  Source Clock:      u1/clock_out rising

  Data Path: u1/m4_r_reg_0 to seg<7>
                                Gate     Net
    Cell:in->out      fanout   Delay   Delay  Logical Name (Net Name)
    ----------------------------------------  ------------
     FDC:C->Q             10   0.626   1.259  u1/m4_r_reg_0 (u1/m4_r_reg_0)
     LUT3:I0->O            7   0.479   1.201  u1/oneOutFourMux<3>1 (u1/oneOutFourMux<3>)
     LUT4:I0->O            1   0.479   0.681  u1/Mrom_seg21 (seg_3_OBUF)
     OBUF:I->O                 4.909          seg_3_OBUF (seg<3>)
    ----------------------------------------
    Total                      9.634ns (6.493ns logic, 3.141ns route)
                                       (67.4% logic, 32.6% route)

=========================================================================
Timing constraint: Default path analysis
  Total number of paths / destination ports: 62 / 12
-------------------------------------------------------------------------
Delay:               9.315ns (Levels of Logic = 4)
  Source:            sw<4> (PAD)
  Destination:       seg<7> (PAD)

  Data Path: sw<4> to seg<7>
                                Gate     Net
    Cell:in->out      fanout   Delay   Delay  Logical Name (Net Name)
    ----------------------------------------  ------------
     IBUF:I->O             1   0.715   0.851  sw_4_IBUF (sw_4_IBUF)
     LUT3:I1->O            7   0.479   1.201  u1/oneOutFourMux<0>1 (u1/oneOutFourMux<0>)
     LUT4:I0->O            1   0.479   0.681  u1/Mrom_seg61 (seg_7_OBUF)
     OBUF:I->O                 4.909          seg_7_OBUF (seg<7>)
    ----------------------------------------
    Total                      9.315ns (6.582ns logic, 2.733ns route)
                                       (70.7% logic, 29.3% route)

=========================================================================


Total REAL time to Xst completion: 8.00 secs
Total CPU time to Xst completion: 7.97 secs
 
--> 

Total memory usage is 253316 kilobytes

Number of errors   :    0 (   0 filtered)
Number of warnings :    3 (   0 filtered)
Number of infos    :    1 (   0 filtered)

